log start
数据库初始化完成！2013-12-26 10:33:08.657
数据库初始化完成！2013-12-26 10:33:08.659
数据库初始化完成！2013-12-26 10:33:08.765
[ 'create table if not exists `tBatchFile` (`idtBatchFile` INT NOT NULL AUTO_INCREMENT,`cBatchFileName` VARCHAR(255) NULL , PRIMARY KEY (`idtBatchFile`) ,UNIQUE INDEX `cBatchFileName_UNIQUE` (`cBatchFileName` ASC) );',
  'create table if not exists `tBatchFiles` (`idtBatchFile` INT NOT NULL ,`cBatchFileName` VARCHAR(255) NULL , PRIMARY KEY (`idtBatchFile`) ,UNIQUE INDEX `cBatchFileName_UNIQUE` (`cBatchFileName` ASC) );',
  'CREATE TABLE if not exists `mailinfo` (`idmailInfo` int(11) NOT NULL AUTO_INCREMENT,`mailAccount` varchar(45) NOT NULL,`mailCountry` varchar(45) NOT NULL,`mailWeight` varchar(45) NOT NULL,`packageId` int(11) NOT NULL,`batchId` int(11) NOT NULL,PRIMARY KEY (`idmailInfo`),UNIQUE KEY `mailAccount_UNIQUE` (`mailAccount`))' ]
写完成 D:/filetemp/24国际小包大宗导入模板12.24.csv
读取邮件数量 417D:/filetemp/24国际小包大宗导入模板12.24.csv
插入邮件数量 384。D:/filetemp/24国际小包大宗导入模板12.24.csv
log start
数据库初始化完成！2013-12-26 10:36:21.785
数据库初始化完成！2013-12-26 10:36:21.788
数据库初始化完成！2013-12-26 10:36:21.861
[ 'create table if not exists `tBatchFile` (`idtBatchFile` INT NOT NULL AUTO_INCREMENT,`cBatchFileName` VARCHAR(255) NULL , PRIMARY KEY (`idtBatchFile`) ,UNIQUE INDEX `cBatchFileName_UNIQUE` (`cBatchFileName` ASC) );',
  'create table if not exists `tBatchFiles` (`idtBatchFile` INT NOT NULL ,`cBatchFileName` VARCHAR(255) NULL , PRIMARY KEY (`idtBatchFile`) ,UNIQUE INDEX `cBatchFileName_UNIQUE` (`cBatchFileName` ASC) );',
  'CREATE TABLE if not exists `mailinfo` (`idmailInfo` int(11) NOT NULL AUTO_INCREMENT,`mailAccount` varchar(45) NOT NULL,`mailCountry` varchar(45) NOT NULL,`mailWeight` varchar(45) NOT NULL,`packageId` int(11) NOT NULL,`batchId` int(11) NOT NULL,PRIMARY KEY (`idmailInfo`),UNIQUE KEY `mailAccount_UNIQUE` (`mailAccount`))' ]
log start
数据库初始化完成！2013-12-26 10:37:23.717
数据库初始化完成！2013-12-26 10:37:23.719
数据库初始化完成！2013-12-26 10:37:23.719
[ 'create table if not exists `tBatchFile` (`idtBatchFile` INT NOT NULL AUTO_INCREMENT,`cBatchFileName` VARCHAR(255) NULL , PRIMARY KEY (`idtBatchFile`) ,UNIQUE INDEX `cBatchFileName_UNIQUE` (`cBatchFileName` ASC) );',
  'create table if not exists `tBatchFiles` (`idtBatchFile` INT NOT NULL ,`cBatchFileName` VARCHAR(255) NULL , PRIMARY KEY (`idtBatchFile`) ,UNIQUE INDEX `cBatchFileName_UNIQUE` (`cBatchFileName` ASC) );',
  'CREATE TABLE if not exists `mailinfo` (`idmailInfo` int(11) NOT NULL AUTO_INCREMENT,`mailAccount` varchar(45) NOT NULL,`mailCountry` varchar(45) NOT NULL,`mailWeight` varchar(45) NOT NULL,`packageId` int(11) NOT NULL,`batchId` int(11) NOT NULL,PRIMARY KEY (`idmailInfo`),UNIQUE KEY `mailAccount_UNIQUE` (`mailAccount`))' ]
log start
数据库初始化完成！2013-12-26 10:42:02.429
数据库初始化完成！2013-12-26 10:42:02.431
数据库初始化完成！2013-12-26 10:42:02.431
[ 'create table if not exists `tBatchFile` (`idtBatchFile` INT NOT NULL AUTO_INCREMENT,`cBatchFileName` VARCHAR(255) NULL , PRIMARY KEY (`idtBatchFile`) ,UNIQUE INDEX `cBatchFileName_UNIQUE` (`cBatchFileName` ASC) );',
  'create table if not exists `tBatchFiles` (`idtBatchFile` INT NOT NULL ,`cBatchFileName` VARCHAR(255) NULL , PRIMARY KEY (`idtBatchFile`) ,UNIQUE INDEX `cBatchFileName_UNIQUE` (`cBatchFileName` ASC) );',
  'CREATE TABLE if not exists `mailinfo` (`idmailInfo` int(11) NOT NULL AUTO_INCREMENT,`mailAccount` varchar(45) NOT NULL,`mailCountry` varchar(45) NOT NULL,`mailWeight` varchar(45) NOT NULL,`packageId` int(11) NOT NULL,`batchId` int(11) NOT NULL,PRIMARY KEY (`idmailInfo`),UNIQUE KEY `mailAccount_UNIQUE` (`mailAccount`))' ]
log start
数据库初始化完成！2013-12-26 10:44:37.878
数据库初始化完成！2013-12-26 10:44:37.880
数据库初始化完成！2013-12-26 10:44:37.880
[ 'create table if not exists `tBatchFile` (`idtBatchFile` INT NOT NULL AUTO_INCREMENT,`cBatchFileName` VARCHAR(255) NULL , PRIMARY KEY (`idtBatchFile`) ,UNIQUE INDEX `cBatchFileName_UNIQUE` (`cBatchFileName` ASC) );',
  'create table if not exists `tBatchFiles` (`idtBatchFile` INT NOT NULL ,`cBatchFileName` VARCHAR(255) NULL , PRIMARY KEY (`idtBatchFile`) ,UNIQUE INDEX `cBatchFileName_UNIQUE` (`cBatchFileName` ASC) );',
  'CREATE TABLE if not exists `mailinfo` (`idmailInfo` int(11) NOT NULL AUTO_INCREMENT,`mailAccount` varchar(45) NOT NULL,`mailCountry` varchar(45) NOT NULL,`mailWeight` varchar(45) NOT NULL,`packageId` int(11) NOT NULL,`batchId` int(11) NOT NULL,PRIMARY KEY (`idmailInfo`),UNIQUE KEY `mailAccount_UNIQUE` (`mailAccount`))' ]
log start
数据库初始化完成！2013-12-26 10:59:34.645
数据库初始化完成！2013-12-26 10:59:34.647
数据库初始化完成！2013-12-26 10:59:34.711
[ 'create table if not exists `tBatchFile` (`idtBatchFile` INT NOT NULL AUTO_INCREMENT,`cBatchFileName` VARCHAR(255) NULL , PRIMARY KEY (`idtBatchFile`) ,UNIQUE INDEX `cBatchFileName_UNIQUE` (`cBatchFileName` ASC) );',
  'create table if not exists `tBatchFiles` (`idtBatchFile` INT NOT NULL ,`cBatchFileName` VARCHAR(255) NULL , PRIMARY KEY (`idtBatchFile`) ,UNIQUE INDEX `cBatchFileName_UNIQUE` (`cBatchFileName` ASC) );',
  'CREATE TABLE if not exists `mailinfo` (`idmailInfo` int(11) NOT NULL AUTO_INCREMENT,`mailAccount` varchar(45) NOT NULL,`mailCountry` varchar(45) NOT NULL,`mailWeight` varchar(45) NOT NULL,`packageId` int(11) NOT NULL,`batchId` int(11) NOT NULL,PRIMARY KEY (`idmailInfo`),UNIQUE KEY `mailAccount_UNIQUE` (`mailAccount`))' ]
log start
数据库初始化完成！2013-12-26 10:59:44.400
数据库初始化完成！2013-12-26 10:59:44.402
数据库初始化完成！2013-12-26 10:59:44.402
[ 'create table if not exists `tBatchFile` (`idtBatchFile` INT NOT NULL AUTO_INCREMENT,`cBatchFileName` VARCHAR(255) NULL , PRIMARY KEY (`idtBatchFile`) ,UNIQUE INDEX `cBatchFileName_UNIQUE` (`cBatchFileName` ASC) );',
  'create table if not exists `tBatchFiles` (`idtBatchFile` INT NOT NULL ,`cBatchFileName` VARCHAR(255) NULL , PRIMARY KEY (`idtBatchFile`) ,UNIQUE INDEX `cBatchFileName_UNIQUE` (`cBatchFileName` ASC) );',
  'CREATE TABLE if not exists `mailinfo` (`idmailInfo` int(11) NOT NULL AUTO_INCREMENT,`mailAccount` varchar(45) NOT NULL,`mailCountry` varchar(45) NOT NULL,`mailWeight` varchar(45) NOT NULL,`packageId` int(11) NOT NULL,`batchId` int(11) NOT NULL,PRIMARY KEY (`idmailInfo`),UNIQUE KEY `mailAccount_UNIQUE` (`mailAccount`))' ]
log start
数据库初始化完成！2013-12-26 11:01:13.265
数据库初始化完成！2013-12-26 11:01:13.267
[ 'create table if not exists `tBatchFile` (`idtBatchFile` INT NOT NULL AUTO_INCREMENT,`cBatchFileName` VARCHAR(255) NULL , PRIMARY KEY (`idtBatchFile`) ,UNIQUE INDEX `cBatchFileName_UNIQUE` (`cBatchFileName` ASC) );',
  'CREATE TABLE if not exists `mailinfo` (`idmailInfo` int(11) NOT NULL AUTO_INCREMENT,`mailAccount` varchar(45) NOT NULL,`mailCountry` varchar(45) NOT NULL,`mailWeight` varchar(45) NOT NULL,`packageId` int(11) NOT NULL,`batchId` int(11) NOT NULL,PRIMARY KEY (`idmailInfo`),UNIQUE KEY `mailAccount_UNIQUE` (`mailAccount`))' ]
log start
数据库初始化完成！2013-12-26 11:01:18.746
数据库初始化完成！2013-12-26 11:01:18.748
[ 'create table if not exists `tBatchFile` (`idtBatchFile` INT NOT NULL AUTO_INCREMENT,`cBatchFileName` VARCHAR(255) NULL , PRIMARY KEY (`idtBatchFile`) ,UNIQUE INDEX `cBatchFileName_UNIQUE` (`cBatchFileName` ASC) );',
  'CREATE TABLE if not exists `mailinfo` (`idmailInfo` int(11) NOT NULL AUTO_INCREMENT,`mailAccount` varchar(45) NOT NULL,`mailCountry` varchar(45) NOT NULL,`mailWeight` varchar(45) NOT NULL,`packageId` int(11) NOT NULL,`batchId` int(11) NOT NULL,PRIMARY KEY (`idmailInfo`),UNIQUE KEY `mailAccount_UNIQUE` (`mailAccount`))' ]
log start
数据库初始化完成！2013-12-26 11:01:19.760
数据库初始化完成！2013-12-26 11:01:19.762
[ 'create table if not exists `tBatchFile` (`idtBatchFile` INT NOT NULL AUTO_INCREMENT,`cBatchFileName` VARCHAR(255) NULL , PRIMARY KEY (`idtBatchFile`) ,UNIQUE INDEX `cBatchFileName_UNIQUE` (`cBatchFileName` ASC) );',
  'CREATE TABLE if not exists `mailinfo` (`idmailInfo` int(11) NOT NULL AUTO_INCREMENT,`mailAccount` varchar(45) NOT NULL,`mailCountry` varchar(45) NOT NULL,`mailWeight` varchar(45) NOT NULL,`packageId` int(11) NOT NULL,`batchId` int(11) NOT NULL,PRIMARY KEY (`idmailInfo`),UNIQUE KEY `mailAccount_UNIQUE` (`mailAccount`))' ]
log start
数据库初始化完成！2013-12-26 11:01:20.712
数据库初始化完成！2013-12-26 11:01:20.714
[ 'create table if not exists `tBatchFile` (`idtBatchFile` INT NOT NULL AUTO_INCREMENT,`cBatchFileName` VARCHAR(255) NULL , PRIMARY KEY (`idtBatchFile`) ,UNIQUE INDEX `cBatchFileName_UNIQUE` (`cBatchFileName` ASC) );',
  'CREATE TABLE if not exists `mailinfo` (`idmailInfo` int(11) NOT NULL AUTO_INCREMENT,`mailAccount` varchar(45) NOT NULL,`mailCountry` varchar(45) NOT NULL,`mailWeight` varchar(45) NOT NULL,`packageId` int(11) NOT NULL,`batchId` int(11) NOT NULL,PRIMARY KEY (`idmailInfo`),UNIQUE KEY `mailAccount_UNIQUE` (`mailAccount`))' ]
log start
数据库初始化完成！2013-12-27 16:29:20.556
数据库初始化完成！2013-12-27 16:29:20.564
[ 'create table if not exists `tBatchFile` (`idtBatchFile` INT NOT NULL AUTO_INCREMENT,`cBatchFileName` VARCHAR(255) NULL , PRIMARY KEY (`idtBatchFile`) ,UNIQUE INDEX `cBatchFileName_UNIQUE` (`cBatchFileName` ASC) );',
  'CREATE TABLE if not exists `mailinfo` (`idmailInfo` int(11) NOT NULL AUTO_INCREMENT,`mailAccount` varchar(45) NOT NULL,`mailCountry` varchar(45) NOT NULL,`mailWeight` varchar(45) NOT NULL,`packageId` int(11) NOT NULL,`batchId` int(11) NOT NULL,PRIMARY KEY (`idmailInfo`),UNIQUE KEY `mailAccount_UNIQUE` (`mailAccount`))' ]
log start
数据库初始化完成！2013-12-27 16:35:26.672
数据库初始化完成！2013-12-27 16:35:26.674
[ 'create table if not exists `tBatchFile` (`idtBatchFile` INT NOT NULL AUTO_INCREMENT,`cBatchFileName` VARCHAR(255) NULL , PRIMARY KEY (`idtBatchFile`) ,UNIQUE INDEX `cBatchFileName_UNIQUE` (`cBatchFileName` ASC) );',
  'CREATE TABLE if not exists `mailinfo` (`idmailInfo` int(11) NOT NULL AUTO_INCREMENT,`mailAccount` varchar(45) NOT NULL,`mailCountry` varchar(45) NOT NULL,`mailWeight` varchar(45) NOT NULL,`packageId` int(11) NOT NULL,`batchId` int(11) NOT NULL,PRIMARY KEY (`idmailInfo`),UNIQUE KEY `mailAccount_UNIQUE` (`mailAccount`))' ]
log start
数据库初始化完成！2013-12-27 16:38:36.658
数据库初始化完成！2013-12-27 16:38:36.660
[ 'create table if not exists `tBatchFile` (`idtBatchFile` INT NOT NULL AUTO_INCREMENT,`cBatchFileName` VARCHAR(255) NULL , PRIMARY KEY (`idtBatchFile`) ,UNIQUE INDEX `cBatchFileName_UNIQUE` (`cBatchFileName` ASC) );',
  'CREATE TABLE if not exists `mailinfo` (`idmailInfo` int(11) NOT NULL AUTO_INCREMENT,`mailAccount` varchar(45) NOT NULL,`mailCountry` varchar(45) NOT NULL,`mailWeight` varchar(45) NOT NULL,`packageId` int(11) NOT NULL,`batchId` int(11) NOT NULL,PRIMARY KEY (`idmailInfo`),UNIQUE KEY `mailAccount_UNIQUE` (`mailAccount`))' ]
log start
数据库初始化完成！2013-12-27 16:39:34.599
数据库初始化完成！2013-12-27 16:39:34.601
[ 'create table if not exists `tBatchFile` (`idtBatchFile` INT NOT NULL AUTO_INCREMENT,`cBatchFileName` VARCHAR(255) NULL , PRIMARY KEY (`idtBatchFile`) ,UNIQUE INDEX `cBatchFileName_UNIQUE` (`cBatchFileName` ASC) );',
  'CREATE TABLE if not exists `mailinfo` (`idmailInfo` int(11) NOT NULL AUTO_INCREMENT,`mailAccount` varchar(45) NOT NULL,`mailCountry` varchar(45) NOT NULL,`mailWeight` varchar(45) NOT NULL,`packageId` int(11) NOT NULL,`batchId` int(11) NOT NULL,PRIMARY KEY (`idmailInfo`),UNIQUE KEY `mailAccount_UNIQUE` (`mailAccount`))' ]
log start
数据库初始化完成！2013-12-27 16:40:06.012
数据库初始化完成！2013-12-27 16:40:06.014
[ 'create table if not exists `tBatchFile` (`idtBatchFile` INT NOT NULL AUTO_INCREMENT,`cBatchFileName` VARCHAR(255) NULL , PRIMARY KEY (`idtBatchFile`) ,UNIQUE INDEX `cBatchFileName_UNIQUE` (`cBatchFileName` ASC) );',
  'CREATE TABLE if not exists `mailinfo` (`idmailInfo` int(11) NOT NULL AUTO_INCREMENT,`mailAccount` varchar(45) NOT NULL,`mailCountry` varchar(45) NOT NULL,`mailWeight` varchar(45) NOT NULL,`packageId` int(11) NOT NULL,`batchId` int(11) NOT NULL,PRIMARY KEY (`idmailInfo`),UNIQUE KEY `mailAccount_UNIQUE` (`mailAccount`))' ]
log start
数据库初始化完成！2013-12-27 16:40:47.739
数据库初始化完成！2013-12-27 16:40:47.740
[ 'create table if not exists `tBatchFile` (`idtBatchFile` INT NOT NULL AUTO_INCREMENT,`cBatchFileName` VARCHAR(255) NULL , PRIMARY KEY (`idtBatchFile`) ,UNIQUE INDEX `cBatchFileName_UNIQUE` (`cBatchFileName` ASC) );',
  'CREATE TABLE if not exists `mailinfo` (`idmailInfo` int(11) NOT NULL AUTO_INCREMENT,`mailAccount` varchar(45) NOT NULL,`mailCountry` varchar(45) NOT NULL,`mailWeight` varchar(45) NOT NULL,`packageId` int(11) NOT NULL,`batchId` int(11) NOT NULL,PRIMARY KEY (`idmailInfo`),UNIQUE KEY `mailAccount_UNIQUE` (`mailAccount`))' ]
log start
数据库初始化完成！2013-12-27 16:46:40.181
数据库初始化完成！2013-12-27 16:46:40.182
[ 'create table if not exists `tBatchFile` (`idtBatchFile` INT NOT NULL AUTO_INCREMENT,`cBatchFileName` VARCHAR(255) NULL , PRIMARY KEY (`idtBatchFile`) ,UNIQUE INDEX `cBatchFileName_UNIQUE` (`cBatchFileName` ASC) );',
  'CREATE TABLE if not exists `mailinfo` (`idmailInfo` int(11) NOT NULL AUTO_INCREMENT,`mailAccount` varchar(45) NOT NULL,`mailCountry` varchar(45) NOT NULL,`mailWeight` varchar(45) NOT NULL,`packageId` int(11) NOT NULL,`batchId` int(11) NOT NULL,PRIMARY KEY (`idmailInfo`),UNIQUE KEY `mailAccount_UNIQUE` (`mailAccount`))' ]
log start
数据库初始化完成！2013-12-27 16:52:54.323
数据库初始化完成！2013-12-27 16:52:54.324
[ 'create table if not exists `tBatchFile` (`idtBatchFile` INT NOT NULL AUTO_INCREMENT,`cBatchFileName` VARCHAR(255) NULL , PRIMARY KEY (`idtBatchFile`) ,UNIQUE INDEX `cBatchFileName_UNIQUE` (`cBatchFileName` ASC) );',
  'CREATE TABLE if not exists `mailinfo` (`idmailInfo` int(11) NOT NULL AUTO_INCREMENT,`mailAccount` varchar(45) NOT NULL,`mailCountry` varchar(45) NOT NULL,`mailWeight` varchar(45) NOT NULL,`packageId` int(11) NOT NULL,`batchId` int(11) NOT NULL,PRIMARY KEY (`idmailInfo`),UNIQUE KEY `mailAccount_UNIQUE` (`mailAccount`))' ]
log start
数据库初始化完成！2013-12-27 17:01:10.024
数据库初始化完成！2013-12-27 17:01:10.026
[ 'create table if not exists `tBatchFile` (`idtBatchFile` INT NOT NULL AUTO_INCREMENT,`cBatchFileName` VARCHAR(255) NULL , PRIMARY KEY (`idtBatchFile`) ,UNIQUE INDEX `cBatchFileName_UNIQUE` (`cBatchFileName` ASC) );',
  'CREATE TABLE if not exists `mailinfo` (`idmailInfo` int(11) NOT NULL AUTO_INCREMENT,`mailAccount` varchar(45) NOT NULL,`mailCountry` varchar(45) NOT NULL,`mailWeight` varchar(45) NOT NULL,`packageId` int(11) NOT NULL,`batchId` int(11) NOT NULL,PRIMARY KEY (`idmailInfo`),UNIQUE KEY `mailAccount_UNIQUE` (`mailAccount`))' ]
log start
数据库初始化完成！2013-12-27 19:48:33.203
数据库初始化完成！2013-12-27 19:48:33.205
[ 'create table if not exists `tBatchFile` (`idtBatchFile` INT NOT NULL AUTO_INCREMENT,`cBatchFileName` VARCHAR(255) NULL , PRIMARY KEY (`idtBatchFile`) ,UNIQUE INDEX `cBatchFileName_UNIQUE` (`cBatchFileName` ASC) );',
  'CREATE TABLE if not exists `mailinfo` (`idmailInfo` int(11) NOT NULL AUTO_INCREMENT,`mailAccount` varchar(45) NOT NULL,`mailCountry` varchar(45) NOT NULL,`mailWeight` varchar(45) NOT NULL,`packageId` int(11) NOT NULL,`batchId` int(11) NOT NULL,PRIMARY KEY (`idmailInfo`),UNIQUE KEY `mailAccount_UNIQUE` (`mailAccount`))' ]
log start
数据库初始化完成！2013-12-27 19:49:17.831
数据库初始化完成！2013-12-27 19:49:17.832
[ 'create table if not exists `tBatchFile` (`idtBatchFile` INT NOT NULL AUTO_INCREMENT,`cBatchFileName` VARCHAR(255) NULL , PRIMARY KEY (`idtBatchFile`) ,UNIQUE INDEX `cBatchFileName_UNIQUE` (`cBatchFileName` ASC) );',
  'CREATE TABLE if not exists `mailinfo` (`idmailInfo` int(11) NOT NULL AUTO_INCREMENT,`mailAccount` varchar(45) NOT NULL,`mailCountry` varchar(45) NOT NULL,`mailWeight` varchar(45) NOT NULL,`packageId` int(11) NOT NULL,`batchId` int(11) NOT NULL,PRIMARY KEY (`idmailInfo`),UNIQUE KEY `mailAccount_UNIQUE` (`mailAccount`))' ]
log start
数据库初始化完成！2013-12-27 19:49:59.503
数据库初始化完成！2013-12-27 19:49:59.505
[ 'create table if not exists `tBatchFile` (`idtBatchFile` INT NOT NULL AUTO_INCREMENT,`cBatchFileName` VARCHAR(255) NULL , PRIMARY KEY (`idtBatchFile`) ,UNIQUE INDEX `cBatchFileName_UNIQUE` (`cBatchFileName` ASC) );',
  'CREATE TABLE if not exists `mailinfo` (`idmailInfo` int(11) NOT NULL AUTO_INCREMENT,`mailAccount` varchar(45) NOT NULL,`mailCountry` varchar(45) NOT NULL,`mailWeight` varchar(45) NOT NULL,`packageId` int(11) NOT NULL,`batchId` int(11) NOT NULL,PRIMARY KEY (`idmailInfo`),UNIQUE KEY `mailAccount_UNIQUE` (`mailAccount`))' ]
log start
数据库初始化完成！2013-12-27 19:50:25.375
数据库初始化完成！2013-12-27 19:50:25.377
[ 'create table if not exists `tBatchFile` (`idtBatchFile` INT NOT NULL AUTO_INCREMENT,`cBatchFileName` VARCHAR(255) NULL , PRIMARY KEY (`idtBatchFile`) ,UNIQUE INDEX `cBatchFileName_UNIQUE` (`cBatchFileName` ASC) );',
  'CREATE TABLE if not exists `mailinfo` (`idmailInfo` int(11) NOT NULL AUTO_INCREMENT,`mailAccount` varchar(45) NOT NULL,`mailCountry` varchar(45) NOT NULL,`mailWeight` varchar(45) NOT NULL,`packageId` int(11) NOT NULL,`batchId` int(11) NOT NULL,PRIMARY KEY (`idmailInfo`),UNIQUE KEY `mailAccount_UNIQUE` (`mailAccount`))' ]
log start
数据库初始化完成！2013-12-27 19:51:07.782
数据库初始化完成！2013-12-27 19:51:07.784
[ 'create table if not exists `tBatchFile` (`idtBatchFile` INT NOT NULL AUTO_INCREMENT,`cBatchFileName` VARCHAR(255) NULL , PRIMARY KEY (`idtBatchFile`) ,UNIQUE INDEX `cBatchFileName_UNIQUE` (`cBatchFileName` ASC) );',
  'CREATE TABLE if not exists `mailinfo` (`idmailInfo` int(11) NOT NULL AUTO_INCREMENT,`mailAccount` varchar(45) NOT NULL,`mailCountry` varchar(45) NOT NULL,`mailWeight` varchar(45) NOT NULL,`packageId` int(11) NOT NULL,`batchId` int(11) NOT NULL,PRIMARY KEY (`idmailInfo`),UNIQUE KEY `mailAccount_UNIQUE` (`mailAccount`))' ]
log start
数据库初始化完成！2013-12-27 19:51:19.949
数据库初始化完成！2013-12-27 19:51:19.951
[ 'create table if not exists `tBatchFile` (`idtBatchFile` INT NOT NULL AUTO_INCREMENT,`cBatchFileName` VARCHAR(255) NULL , PRIMARY KEY (`idtBatchFile`) ,UNIQUE INDEX `cBatchFileName_UNIQUE` (`cBatchFileName` ASC) );',
  'CREATE TABLE if not exists `mailinfo` (`idmailInfo` int(11) NOT NULL AUTO_INCREMENT,`mailAccount` varchar(45) NOT NULL,`mailCountry` varchar(45) NOT NULL,`mailWeight` varchar(45) NOT NULL,`packageId` int(11) NOT NULL,`batchId` int(11) NOT NULL,PRIMARY KEY (`idmailInfo`),UNIQUE KEY `mailAccount_UNIQUE` (`mailAccount`))' ]
log start
数据库初始化完成！2013-12-27 19:56:22.766
数据库初始化完成！2013-12-27 19:56:22.768
[ 'create table if not exists `tBatchFile` (`idtBatchFile` INT NOT NULL AUTO_INCREMENT,`cBatchFileName` VARCHAR(255) NULL , PRIMARY KEY (`idtBatchFile`) ,UNIQUE INDEX `cBatchFileName_UNIQUE` (`cBatchFileName` ASC) );',
  'CREATE TABLE if not exists `mailinfo` (`idmailInfo` int(11) NOT NULL AUTO_INCREMENT,`mailAccount` varchar(45) NOT NULL,`mailCountry` varchar(45) NOT NULL,`mailWeight` varchar(45) NOT NULL,`packageId` int(11) NOT NULL,`batchId` int(11) NOT NULL,PRIMARY KEY (`idmailInfo`),UNIQUE KEY `mailAccount_UNIQUE` (`mailAccount`))' ]
log start
数据库初始化完成！2013-12-27 19:57:29.886
数据库初始化完成！2013-12-27 19:57:29.888
[ 'create table if not exists `tBatchFile` (`idtBatchFile` INT NOT NULL AUTO_INCREMENT,`cBatchFileName` VARCHAR(255) NULL , PRIMARY KEY (`idtBatchFile`) ,UNIQUE INDEX `cBatchFileName_UNIQUE` (`cBatchFileName` ASC) );',
  'CREATE TABLE if not exists `mailinfo` (`idmailInfo` int(11) NOT NULL AUTO_INCREMENT,`mailAccount` varchar(45) NOT NULL,`mailCountry` varchar(45) NOT NULL,`mailWeight` varchar(45) NOT NULL,`packageId` int(11) NOT NULL,`batchId` int(11) NOT NULL,PRIMARY KEY (`idmailInfo`),UNIQUE KEY `mailAccount_UNIQUE` (`mailAccount`))' ]
log start
数据库初始化完成！2013-12-27 19:59:21.551
数据库初始化完成！2013-12-27 19:59:21.554
[ 'create table if not exists `tBatchFile` (`idtBatchFile` INT NOT NULL AUTO_INCREMENT,`cBatchFileName` VARCHAR(255) NULL , PRIMARY KEY (`idtBatchFile`) ,UNIQUE INDEX `cBatchFileName_UNIQUE` (`cBatchFileName` ASC) );',
  'CREATE TABLE if not exists `mailinfo` (`idmailInfo` int(11) NOT NULL AUTO_INCREMENT,`mailAccount` varchar(45) NOT NULL,`mailCountry` varchar(45) NOT NULL,`mailWeight` varchar(45) NOT NULL,`packageId` int(11) NOT NULL,`batchId` int(11) NOT NULL,PRIMARY KEY (`idmailInfo`),UNIQUE KEY `mailAccount_UNIQUE` (`mailAccount`))' ]
log start
数据库初始化完成！2013-12-27 20:01:03.352
数据库初始化完成！2013-12-27 20:01:03.353
[ 'create table if not exists `tBatchFile` (`idtBatchFile` INT NOT NULL AUTO_INCREMENT,`cBatchFileName` VARCHAR(255) NULL , PRIMARY KEY (`idtBatchFile`) ,UNIQUE INDEX `cBatchFileName_UNIQUE` (`cBatchFileName` ASC) );',
  'CREATE TABLE if not exists `mailinfo` (`idmailInfo` int(11) NOT NULL AUTO_INCREMENT,`mailAccount` varchar(45) NOT NULL,`mailCountry` varchar(45) NOT NULL,`mailWeight` varchar(45) NOT NULL,`packageId` int(11) NOT NULL,`batchId` int(11) NOT NULL,PRIMARY KEY (`idmailInfo`),UNIQUE KEY `mailAccount_UNIQUE` (`mailAccount`))' ]
log start
数据库初始化完成！2013-12-27 20:01:17.357
数据库初始化完成！2013-12-27 20:01:17.359
[ 'create table if not exists `tBatchFile` (`idtBatchFile` INT NOT NULL AUTO_INCREMENT,`cBatchFileName` VARCHAR(255) NULL , PRIMARY KEY (`idtBatchFile`) ,UNIQUE INDEX `cBatchFileName_UNIQUE` (`cBatchFileName` ASC) );',
  'CREATE TABLE if not exists `mailinfo` (`idmailInfo` int(11) NOT NULL AUTO_INCREMENT,`mailAccount` varchar(45) NOT NULL,`mailCountry` varchar(45) NOT NULL,`mailWeight` varchar(45) NOT NULL,`packageId` int(11) NOT NULL,`batchId` int(11) NOT NULL,PRIMARY KEY (`idmailInfo`),UNIQUE KEY `mailAccount_UNIQUE` (`mailAccount`))' ]
log start
数据库初始化完成！2013-12-27 20:03:29.299
数据库初始化完成！2013-12-27 20:03:29.301
[ 'create table if not exists `tBatchFile` (`idtBatchFile` INT NOT NULL AUTO_INCREMENT,`cBatchFileName` VARCHAR(255) NULL , PRIMARY KEY (`idtBatchFile`) ,UNIQUE INDEX `cBatchFileName_UNIQUE` (`cBatchFileName` ASC) );',
  'CREATE TABLE if not exists `mailinfo` (`idmailInfo` int(11) NOT NULL AUTO_INCREMENT,`mailAccount` varchar(45) NOT NULL,`mailCountry` varchar(45) NOT NULL,`mailWeight` varchar(45) NOT NULL,`packageId` int(11) NOT NULL,`batchId` int(11) NOT NULL,PRIMARY KEY (`idmailInfo`),UNIQUE KEY `mailAccount_UNIQUE` (`mailAccount`))' ]
log start
数据库初始化完成！2013-12-27 20:05:29.484
数据库初始化完成！2013-12-27 20:05:29.486
[ 'create table if not exists `tBatchFile` (`idtBatchFile` INT NOT NULL AUTO_INCREMENT,`cBatchFileName` VARCHAR(255) NULL , PRIMARY KEY (`idtBatchFile`) ,UNIQUE INDEX `cBatchFileName_UNIQUE` (`cBatchFileName` ASC) );',
  'CREATE TABLE if not exists `mailinfo` (`idmailInfo` int(11) NOT NULL AUTO_INCREMENT,`mailAccount` varchar(45) NOT NULL,`mailCountry` varchar(45) NOT NULL,`mailWeight` varchar(45) NOT NULL,`packageId` int(11) NOT NULL,`batchId` int(11) NOT NULL,PRIMARY KEY (`idmailInfo`),UNIQUE KEY `mailAccount_UNIQUE` (`mailAccount`))' ]
log start
数据库初始化完成！2013-12-27 20:05:32.573
数据库初始化完成！2013-12-27 20:05:32.575
[ 'create table if not exists `tBatchFile` (`idtBatchFile` INT NOT NULL AUTO_INCREMENT,`cBatchFileName` VARCHAR(255) NULL , PRIMARY KEY (`idtBatchFile`) ,UNIQUE INDEX `cBatchFileName_UNIQUE` (`cBatchFileName` ASC) );',
  'CREATE TABLE if not exists `mailinfo` (`idmailInfo` int(11) NOT NULL AUTO_INCREMENT,`mailAccount` varchar(45) NOT NULL,`mailCountry` varchar(45) NOT NULL,`mailWeight` varchar(45) NOT NULL,`packageId` int(11) NOT NULL,`batchId` int(11) NOT NULL,PRIMARY KEY (`idmailInfo`),UNIQUE KEY `mailAccount_UNIQUE` (`mailAccount`))' ]
log start
数据库初始化完成！2013-12-27 20:06:00.520
数据库初始化完成！2013-12-27 20:06:00.522
[ 'create table if not exists `tBatchFile` (`idtBatchFile` INT NOT NULL AUTO_INCREMENT,`cBatchFileName` VARCHAR(255) NULL , PRIMARY KEY (`idtBatchFile`) ,UNIQUE INDEX `cBatchFileName_UNIQUE` (`cBatchFileName` ASC) );',
  'CREATE TABLE if not exists `mailinfo` (`idmailInfo` int(11) NOT NULL AUTO_INCREMENT,`mailAccount` varchar(45) NOT NULL,`mailCountry` varchar(45) NOT NULL,`mailWeight` varchar(45) NOT NULL,`packageId` int(11) NOT NULL,`batchId` int(11) NOT NULL,PRIMARY KEY (`idmailInfo`),UNIQUE KEY `mailAccount_UNIQUE` (`mailAccount`))' ]
log start
数据库初始化完成！2013-12-27 20:06:31.798
数据库初始化完成！2013-12-27 20:06:31.800
[ 'create table if not exists `tBatchFile` (`idtBatchFile` INT NOT NULL AUTO_INCREMENT,`cBatchFileName` VARCHAR(255) NULL , PRIMARY KEY (`idtBatchFile`) ,UNIQUE INDEX `cBatchFileName_UNIQUE` (`cBatchFileName` ASC) );',
  'CREATE TABLE if not exists `mailinfo` (`idmailInfo` int(11) NOT NULL AUTO_INCREMENT,`mailAccount` varchar(45) NOT NULL,`mailCountry` varchar(45) NOT NULL,`mailWeight` varchar(45) NOT NULL,`packageId` int(11) NOT NULL,`batchId` int(11) NOT NULL,PRIMARY KEY (`idmailInfo`),UNIQUE KEY `mailAccount_UNIQUE` (`mailAccount`))' ]
log start
数据库初始化完成！2013-12-27 20:06:38.738
数据库初始化完成！2013-12-27 20:06:38.740
[ 'create table if not exists `tBatchFile` (`idtBatchFile` INT NOT NULL AUTO_INCREMENT,`cBatchFileName` VARCHAR(255) NULL , PRIMARY KEY (`idtBatchFile`) ,UNIQUE INDEX `cBatchFileName_UNIQUE` (`cBatchFileName` ASC) );',
  'CREATE TABLE if not exists `mailinfo` (`idmailInfo` int(11) NOT NULL AUTO_INCREMENT,`mailAccount` varchar(45) NOT NULL,`mailCountry` varchar(45) NOT NULL,`mailWeight` varchar(45) NOT NULL,`packageId` int(11) NOT NULL,`batchId` int(11) NOT NULL,PRIMARY KEY (`idmailInfo`),UNIQUE KEY `mailAccount_UNIQUE` (`mailAccount`))' ]
log start
数据库初始化完成！2013-12-27 20:06:50.233
数据库初始化完成！2013-12-27 20:06:50.235
[ 'create table if not exists `tBatchFile` (`idtBatchFile` INT NOT NULL AUTO_INCREMENT,`cBatchFileName` VARCHAR(255) NULL , PRIMARY KEY (`idtBatchFile`) ,UNIQUE INDEX `cBatchFileName_UNIQUE` (`cBatchFileName` ASC) );',
  'CREATE TABLE if not exists `mailinfo` (`idmailInfo` int(11) NOT NULL AUTO_INCREMENT,`mailAccount` varchar(45) NOT NULL,`mailCountry` varchar(45) NOT NULL,`mailWeight` varchar(45) NOT NULL,`packageId` int(11) NOT NULL,`batchId` int(11) NOT NULL,PRIMARY KEY (`idmailInfo`),UNIQUE KEY `mailAccount_UNIQUE` (`mailAccount`))' ]
log start
数据库初始化完成！2013-12-27 20:10:43.193
数据库初始化完成！2013-12-27 20:10:43.196
[ 'create table if not exists `tBatchFile` (`idtBatchFile` INT NOT NULL AUTO_INCREMENT,`cBatchFileName` VARCHAR(255) NULL , PRIMARY KEY (`idtBatchFile`) ,UNIQUE INDEX `cBatchFileName_UNIQUE` (`cBatchFileName` ASC) );',
  'CREATE TABLE if not exists `mailinfo` (`idmailInfo` int(11) NOT NULL AUTO_INCREMENT,`mailAccount` varchar(45) NOT NULL,`mailCountry` varchar(45) NOT NULL,`mailWeight` varchar(45) NOT NULL,`packageId` int(11) NOT NULL,`batchId` int(11) NOT NULL,PRIMARY KEY (`idmailInfo`),UNIQUE KEY `mailAccount_UNIQUE` (`mailAccount`))' ]
log start
数据库初始化完成！2013-12-27 20:14:36.915
数据库初始化完成！2013-12-27 20:14:36.917
[ 'create table if not exists `tBatchFile` (`idtBatchFile` INT NOT NULL AUTO_INCREMENT,`cBatchFileName` VARCHAR(255) NULL , PRIMARY KEY (`idtBatchFile`) ,UNIQUE INDEX `cBatchFileName_UNIQUE` (`cBatchFileName` ASC) );',
  'CREATE TABLE if not exists `mailinfo` (`idmailInfo` int(11) NOT NULL AUTO_INCREMENT,`mailAccount` varchar(45) NOT NULL,`mailCountry` varchar(45) NOT NULL,`mailWeight` varchar(45) NOT NULL,`packageId` int(11) NOT NULL,`batchId` int(11) NOT NULL,PRIMARY KEY (`idmailInfo`),UNIQUE KEY `mailAccount_UNIQUE` (`mailAccount`))' ]
log start
数据库初始化完成！2013-12-27 20:17:34.664
数据库初始化完成！2013-12-27 20:17:34.666
[ 'create table if not exists `tBatchFile` (`idtBatchFile` INT NOT NULL AUTO_INCREMENT,`cBatchFileName` VARCHAR(255) NULL , PRIMARY KEY (`idtBatchFile`) ,UNIQUE INDEX `cBatchFileName_UNIQUE` (`cBatchFileName` ASC) );',
  'CREATE TABLE if not exists `mailinfo` (`idmailInfo` int(11) NOT NULL AUTO_INCREMENT,`mailAccount` varchar(45) NOT NULL,`mailCountry` varchar(45) NOT NULL,`mailWeight` varchar(45) NOT NULL,`packageId` int(11) NOT NULL,`batchId` int(11) NOT NULL,PRIMARY KEY (`idmailInfo`),UNIQUE KEY `mailAccount_UNIQUE` (`mailAccount`))' ]
log start
数据库初始化完成！2013-12-27 20:17:50.683
数据库初始化完成！2013-12-27 20:17:50.685
[ 'create table if not exists `tBatchFile` (`idtBatchFile` INT NOT NULL AUTO_INCREMENT,`cBatchFileName` VARCHAR(255) NULL , PRIMARY KEY (`idtBatchFile`) ,UNIQUE INDEX `cBatchFileName_UNIQUE` (`cBatchFileName` ASC) );',
  'CREATE TABLE if not exists `mailinfo` (`idmailInfo` int(11) NOT NULL AUTO_INCREMENT,`mailAccount` varchar(45) NOT NULL,`mailCountry` varchar(45) NOT NULL,`mailWeight` varchar(45) NOT NULL,`packageId` int(11) NOT NULL,`batchId` int(11) NOT NULL,PRIMARY KEY (`idmailInfo`),UNIQUE KEY `mailAccount_UNIQUE` (`mailAccount`))' ]
log start
数据库初始化完成！2013-12-27 20:25:16.786
数据库初始化完成！2013-12-27 20:25:16.789
[ 'create table if not exists `tBatchFile` (`idtBatchFile` INT NOT NULL AUTO_INCREMENT,`cBatchFileName` VARCHAR(255) NULL , PRIMARY KEY (`idtBatchFile`) ,UNIQUE INDEX `cBatchFileName_UNIQUE` (`cBatchFileName` ASC) );',
  'CREATE TABLE if not exists `mailinfo` (`idmailInfo` int(11) NOT NULL AUTO_INCREMENT,`mailAccount` varchar(45) NOT NULL,`mailCountry` varchar(45) NOT NULL,`mailWeight` varchar(45) NOT NULL,`packageId` int(11) NOT NULL,`batchId` int(11) NOT NULL,PRIMARY KEY (`idmailInfo`),UNIQUE KEY `mailAccount_UNIQUE` (`mailAccount`))' ]
log start
数据库初始化完成！2013-12-27 20:34:08.403
数据库初始化完成！2013-12-27 20:34:08.405
[ 'create table if not exists `tBatchFile` (`idtBatchFile` INT NOT NULL AUTO_INCREMENT,`cBatchFileName` VARCHAR(255) NULL , PRIMARY KEY (`idtBatchFile`) ,UNIQUE INDEX `cBatchFileName_UNIQUE` (`cBatchFileName` ASC) );',
  'CREATE TABLE if not exists `mailinfo` (`idmailInfo` int(11) NOT NULL AUTO_INCREMENT,`mailAccount` varchar(45) NOT NULL,`mailCountry` varchar(45) NOT NULL,`mailWeight` varchar(45) NOT NULL,`packageId` int(11) NOT NULL,`batchId` int(11) NOT NULL,PRIMARY KEY (`idmailInfo`),UNIQUE KEY `mailAccount_UNIQUE` (`mailAccount`))' ]
log start
数据库初始化完成！2013-12-27 20:37:38.668
数据库初始化完成！2013-12-27 20:37:38.669
[ 'create table if not exists `tBatchFile` (`idtBatchFile` INT NOT NULL AUTO_INCREMENT,`cBatchFileName` VARCHAR(255) NULL , PRIMARY KEY (`idtBatchFile`) ,UNIQUE INDEX `cBatchFileName_UNIQUE` (`cBatchFileName` ASC) );',
  'CREATE TABLE if not exists `mailinfo` (`idmailInfo` int(11) NOT NULL AUTO_INCREMENT,`mailAccount` varchar(45) NOT NULL,`mailCountry` varchar(45) NOT NULL,`mailWeight` varchar(45) NOT NULL,`packageId` int(11) NOT NULL,`batchId` int(11) NOT NULL,PRIMARY KEY (`idmailInfo`),UNIQUE KEY `mailAccount_UNIQUE` (`mailAccount`))' ]
log start
数据库初始化完成！2013-12-27 20:38:05.638
数据库初始化完成！2013-12-27 20:38:05.640
[ 'create table if not exists `tBatchFile` (`idtBatchFile` INT NOT NULL AUTO_INCREMENT,`cBatchFileName` VARCHAR(255) NULL , PRIMARY KEY (`idtBatchFile`) ,UNIQUE INDEX `cBatchFileName_UNIQUE` (`cBatchFileName` ASC) );',
  'CREATE TABLE if not exists `mailinfo` (`idmailInfo` int(11) NOT NULL AUTO_INCREMENT,`mailAccount` varchar(45) NOT NULL,`mailCountry` varchar(45) NOT NULL,`mailWeight` varchar(45) NOT NULL,`packageId` int(11) NOT NULL,`batchId` int(11) NOT NULL,PRIMARY KEY (`idmailInfo`),UNIQUE KEY `mailAccount_UNIQUE` (`mailAccount`))' ]
log start
数据库初始化完成！2013-12-27 20:50:46.517
数据库初始化完成！2013-12-27 20:50:46.519
[ 'create table if not exists `tBatchFile` (`idtBatchFile` INT NOT NULL AUTO_INCREMENT,`cBatchFileName` VARCHAR(255) NULL , PRIMARY KEY (`idtBatchFile`) ,UNIQUE INDEX `cBatchFileName_UNIQUE` (`cBatchFileName` ASC) );',
  'CREATE TABLE if not exists `mailinfo` (`idmailInfo` int(11) NOT NULL AUTO_INCREMENT,`mailAccount` varchar(45) NOT NULL,`mailCountry` varchar(45) NOT NULL,`mailWeight` varchar(45) NOT NULL,`packageId` int(11) NOT NULL,`batchId` int(11) NOT NULL,PRIMARY KEY (`idmailInfo`),UNIQUE KEY `mailAccount_UNIQUE` (`mailAccount`))' ]
log start
数据库初始化完成！2013-12-27 20:53:12.429
数据库初始化完成！2013-12-27 20:53:12.431
[ 'create table if not exists `tBatchFile` (`idtBatchFile` INT NOT NULL AUTO_INCREMENT,`cBatchFileName` VARCHAR(255) NULL , PRIMARY KEY (`idtBatchFile`) ,UNIQUE INDEX `cBatchFileName_UNIQUE` (`cBatchFileName` ASC) );',
  'CREATE TABLE if not exists `mailinfo` (`idmailInfo` int(11) NOT NULL AUTO_INCREMENT,`mailAccount` varchar(45) NOT NULL,`mailCountry` varchar(45) NOT NULL,`mailWeight` varchar(45) NOT NULL,`packageId` int(11) NOT NULL,`batchId` int(11) NOT NULL,PRIMARY KEY (`idmailInfo`),UNIQUE KEY `mailAccount_UNIQUE` (`mailAccount`))' ]
log start
数据库初始化完成！2013-12-27 20:53:50.229
数据库初始化完成！2013-12-27 20:53:50.231
[ 'create table if not exists `tBatchFile` (`idtBatchFile` INT NOT NULL AUTO_INCREMENT,`cBatchFileName` VARCHAR(255) NULL , PRIMARY KEY (`idtBatchFile`) ,UNIQUE INDEX `cBatchFileName_UNIQUE` (`cBatchFileName` ASC) );',
  'CREATE TABLE if not exists `mailinfo` (`idmailInfo` int(11) NOT NULL AUTO_INCREMENT,`mailAccount` varchar(45) NOT NULL,`mailCountry` varchar(45) NOT NULL,`mailWeight` varchar(45) NOT NULL,`packageId` int(11) NOT NULL,`batchId` int(11) NOT NULL,PRIMARY KEY (`idmailInfo`),UNIQUE KEY `mailAccount_UNIQUE` (`mailAccount`))' ]
